Info    2022-10-17 17:48:53  DevID:(00K28591919)  Source-Line:libMvCameraControl.so(CInterfaceManager.cpp-L0809)     Description:Current dynamic library path[/home/vws/Demo/QT/Spray/SpraySystem/VWSCamera/Lib/libMvCameraControl.so]     Solution:
Info    2022-10-17 17:48:53  DevID:(00K28591919)  Source-Line:libMvCameraControl.so(CInterfaceManager.cpp-L0812)     Description:CamCtl_Version: 3.2.2.1     Solution:
Info    2022-10-17 17:48:53  DevID:(00K28591919)  Source-Line:libMvCameraControl.so(CInterfaceManager.cpp-L0813)     Description:CamCtl_Description: BaseLine Build 20220511     Solution:
Info    2022-10-17 17:48:53  DevID:(00K28591919)  Source-Line:libMvCameraControl.so(CInterfaceManager.cpp-L0815)     Description:[MV_CC_CreateHandle] return[0x0]     Solution:
Info    2022-10-17 17:48:53  DevID:(00K28591919)  Source-Line:libMvCameraControl.so(CInterfaceManager.cpp-L6725)     Description:CamCtrl[0x3020201], GigE SDKVersion[0x3010300], DriverVersion[0x0]     Solution:
Info    2022-10-17 17:48:53  DevID:(00K28591919)  Source-Line:libMvCameraControl.so(CInterfaceManager.cpp-L4274)     Description:[MV_CC_InvalidateNodes] return[0x0]     Solution:
Info    2022-10-17 17:48:53  DevID:(00K28591919)  Source-Line:libMvCameraControl.so(CInterfaceManager.cpp-L1086)     Description:[MV_CC_OpenDevice] nPrivilegeMode[1], nSwitchoverKey[0], return[0x0]     Solution:
Info    2022-10-17 17:48:53  DevID:(00K28591919)  Source-Line:libMvCameraControl.so(CInterfaceManager.cpp-L8623)     Description:[FileAccess] DevFileName[RGBDSensorCali], Mode[1], return[0x0]     Solution:
Info    2022-10-17 17:48:55  DevID:(00K28591919)  Source-Line:libMvCameraControl.so(CInterfaceManager.cpp-L1398)     Description:[MV_CC_RegisterImageCallBackEx] return[0x0]     Solution:
Info    2022-10-17 17:48:56  DevID:(00K28591919)  Source-Line:libMvCameraControl.so(CInterfaceManager.cpp-L2848)     Description:[MV_CC_RegisterExceptionCallBack] return[0x0]     Solution:
Error   2022-10-17 17:48:57  DevID:(00K28591919)  Source-Line:libMvCameraControl.so(XmlParse.cpp-L2465)     Description:GetNodeValue [ExposureAuto], [Node is not readable. : AccessException thrown in node 'ExposureAuto' while calling 'ExposureAuto.GetIntValue()' (file 'EnumerationT.h', line 131)]     Solution:
Info    2022-10-17 17:48:57  DevID:(00K28591919)  Source-Line:libMvCameraControl.so(CInterfaceManager.cpp-L1657)     Description:[GEV]Width[1408], Height[1024], PixelFormat[0x11000b8], PayloadSize[7209044], ChunkCount[8], CompressMode[0], DeviceUptime[                                                            1588]     Solution:
Info    2022-10-17 17:48:57  DevID:(00K28591919)  Source-Line:libMvCameraControl.so(CInterfaceManager.cpp-L1671)     Description:GigE, DeviceModelName[MV-DB500S-R], DeviceFirmwareVersion[V1.3.0 220614,21090800], DeviceMaxThroughput[964426752]     Solution:
Info    2022-10-17 17:48:57  DevID:(00K28591919)  Source-Line:libMvCameraControl.so(CInterfaceManager.cpp-L1676)     Description:GigE, Width[1408], Height[1024], OffsetX[0], OffsetY[0], PixelFormat[0x11000b8], AcquisitionMode[2]     Solution:
Info    2022-10-17 17:48:57  DevID:(00K28591919)  Source-Line:libMvCameraControl.so(CInterfaceManager.cpp-L1682)     Description:GigE, TriggerMode[1], ResultingFrameRate[8.00], ExposureTime[10000.00], ExposureAuto[0], PayloadSize[7209044]     Solution:
Info    2022-10-17 17:48:57  DevID:(00K28591919)  Source-Line:libMvCameraControl.so(CInterfaceManager.cpp-L1687)     Description:GigE, GevLinkSpeed[1000], GevHeartbeatTimeout[5000], GevSCPSPacketSize[1500], GevSCPD[0]     Solution:
Info    2022-10-17 17:48:57  DevID:(00K28591919)  Source-Line:libMvCameraControl.so(CInterfaceManager.cpp-L6353)     Description:CamCtrl RecvThread Start, ThreadId[-1493182720]     Solution:
Info    2022-10-17 17:48:57  DevID:(00K28591919)  Source-Line:libMvCameraControl.so(CInterfaceManager.cpp-L6121)     Description:CamCtrl Display Thread Start, ThreadId[-1501575424]     Solution:
Info    2022-10-17 17:48:57  DevID:(00K28591919)  Source-Line:libMvCameraControl.so(CInterfaceManager.cpp-L1791)     Description:The callback has been registered     Solution:
Info    2022-10-17 17:48:57  DevID:(00K28591919)  Source-Line:libMvCameraControl.so(CInterfaceManager.cpp-L1800)     Description:[MV_CC_StartGrabbing] return[0x0]     Solution:
