Performing C++ SOURCE FILE Test CMAKE_HAVE_LIBC_PTHREAD failed with the following output:
Change Dir: /home/vws/Demo/QT/Spray/SpraySystem/build/CMakeFiles/CMakeTmp

Run Build Command(s):/usr/bin/make -f Makefile cmTC_e9d1c/fast && /usr/bin/make  -f CMakeFiles/cmTC_e9d1c.dir/build.make CMakeFiles/cmTC_e9d1c.dir/build
make[1]: Entering directory '/home/vws/Demo/QT/Spray/SpraySystem/build/CMakeFiles/CMakeTmp'
Building CXX object CMakeFiles/cmTC_e9d1c.dir/src.cxx.o
/usr/bin/g++ -DCMAKE_HAVE_LIBC_PTHREAD   -o CMakeFiles/cmTC_e9d1c.dir/src.cxx.o -c /home/vws/Demo/QT/Spray/SpraySystem/build/CMakeFiles/CMakeTmp/src.cxx
Linking CXX executable cmTC_e9d1c
/opt/cmake-3.23.3/bin/cmake -E cmake_link_script CMakeFiles/cmTC_e9d1c.dir/link.txt --verbose=1
/usr/bin/g++ CMakeFiles/cmTC_e9d1c.dir/src.cxx.o -o cmTC_e9d1c 
CMakeFiles/cmTC_e9d1c.dir/src.cxx.o: In function `main':
src.cxx:(.text+0x3e): undefined reference to `pthread_create'
src.cxx:(.text+0x4a): undefined reference to `pthread_detach'
src.cxx:(.text+0x56): undefined reference to `pthread_cancel'
src.cxx:(.text+0x67): undefined reference to `pthread_join'
src.cxx:(.text+0x7b): undefined reference to `pthread_atfork'
collect2: error: ld returned 1 exit status
CMakeFiles/cmTC_e9d1c.dir/build.make:98: recipe for target 'cmTC_e9d1c' failed
make[1]: *** [cmTC_e9d1c] Error 1
make[1]: Leaving directory '/home/vws/Demo/QT/Spray/SpraySystem/build/CMakeFiles/CMakeTmp'
Makefile:127: recipe for target 'cmTC_e9d1c/fast' failed
make: *** [cmTC_e9d1c/fast] Error 2


Source file was:
#include <pthread.h>

static void* test_func(void* data)
{
  return data;
}

int main(void)
{
  pthread_t thread;
  pthread_create(&thread, NULL, test_func, NULL);
  pthread_detach(thread);
  pthread_cancel(thread);
  pthread_join(thread, NULL);
  pthread_atfork(NULL, NULL, NULL);
  pthread_exit(NULL);

  return 0;
}

Determining if the function pthread_create exists in the pthreads failed with the following output:
Change Dir: /home/vws/Demo/QT/Spray/SpraySystem/build/CMakeFiles/CMakeTmp

Run Build Command(s):/usr/bin/make -f Makefile cmTC_10246/fast && /usr/bin/make  -f CMakeFiles/cmTC_10246.dir/build.make CMakeFiles/cmTC_10246.dir/build
make[1]: Entering directory '/home/vws/Demo/QT/Spray/SpraySystem/build/CMakeFiles/CMakeTmp'
Building CXX object CMakeFiles/cmTC_10246.dir/CheckFunctionExists.cxx.o
/usr/bin/g++   -DCHECK_FUNCTION_EXISTS=pthread_create -o CMakeFiles/cmTC_10246.dir/CheckFunctionExists.cxx.o -c /home/vws/Demo/QT/Spray/SpraySystem/build/CMakeFiles/CheckLibraryExists/CheckFunctionExists.cxx
Linking CXX executable cmTC_10246
/opt/cmake-3.23.3/bin/cmake -E cmake_link_script CMakeFiles/cmTC_10246.dir/link.txt --verbose=1
/usr/bin/g++  -DCHECK_FUNCTION_EXISTS=pthread_create CMakeFiles/cmTC_10246.dir/CheckFunctionExists.cxx.o -o cmTC_10246  -lpthreads 
/usr/bin/ld: cannot find -lpthreads
collect2: error: ld returned 1 exit status
CMakeFiles/cmTC_10246.dir/build.make:98: recipe for target 'cmTC_10246' failed
make[1]: *** [cmTC_10246] Error 1
make[1]: Leaving directory '/home/vws/Demo/QT/Spray/SpraySystem/build/CMakeFiles/CMakeTmp'
Makefile:127: recipe for target 'cmTC_10246/fast' failed
make: *** [cmTC_10246/fast] Error 2



