Performing C++ SOURCE FILE Test CMAKE_HAVE_LIBC_PTHREAD failed with the following output:
Change Dir: /home/vws/Demo/QT/Spray/build-SpraySystem-Desktop_Qt_5_12_8_GCC_64bit-Debug/CMakeFiles/CMakeTmp

Run Build Command(s):/usr/bin/make -f Makefile cmTC_29e78/fast && /usr/bin/make  -f CMakeFiles/cmTC_29e78.dir/build.make CMakeFiles/cmTC_29e78.dir/build
make[1]: Entering directory '/home/vws/Demo/QT/Spray/build-SpraySystem-Desktop_Qt_5_12_8_GCC_64bit-Debug/CMakeFiles/CMakeTmp'
Building CXX object CMakeFiles/cmTC_29e78.dir/src.cxx.o
/usr/bin/g++ -DCMAKE_HAVE_LIBC_PTHREAD   -o CMakeFiles/cmTC_29e78.dir/src.cxx.o -c /home/vws/Demo/QT/Spray/build-SpraySystem-Desktop_Qt_5_12_8_GCC_64bit-Debug/CMakeFiles/CMakeTmp/src.cxx
Linking CXX executable cmTC_29e78
/opt/cmake-3.23.3/bin/cmake -E cmake_link_script CMakeFiles/cmTC_29e78.dir/link.txt --verbose=1
/usr/bin/g++ CMakeFiles/cmTC_29e78.dir/src.cxx.o -o cmTC_29e78 
CMakeFiles/cmTC_29e78.dir/src.cxx.o: In function `main':
src.cxx:(.text+0x3e): undefined reference to `pthread_create'
src.cxx:(.text+0x4a): undefined reference to `pthread_detach'
src.cxx:(.text+0x56): undefined reference to `pthread_cancel'
src.cxx:(.text+0x67): undefined reference to `pthread_join'
src.cxx:(.text+0x7b): undefined reference to `pthread_atfork'
collect2: error: ld returned 1 exit status
CMakeFiles/cmTC_29e78.dir/build.make:98: recipe for target 'cmTC_29e78' failed
make[1]: *** [cmTC_29e78] Error 1
make[1]: Leaving directory '/home/vws/Demo/QT/Spray/build-SpraySystem-Desktop_Qt_5_12_8_GCC_64bit-Debug/CMakeFiles/CMakeTmp'
Makefile:127: recipe for target 'cmTC_29e78/fast' failed
make: *** [cmTC_29e78/fast] Error 2


Source file was:
#include <pthread.h>

static void* test_func(void* data)
{
  return data;
}

int main(void)
{
  pthread_t thread;
  pthread_create(&thread, NULL, test_func, NULL);
  pthread_detach(thread);
  pthread_cancel(thread);
  pthread_join(thread, NULL);
  pthread_atfork(NULL, NULL, NULL);
  pthread_exit(NULL);

  return 0;
}

Determining if the function pthread_create exists in the pthreads failed with the following output:
Change Dir: /home/vws/Demo/QT/Spray/build-SpraySystem-Desktop_Qt_5_12_8_GCC_64bit-Debug/CMakeFiles/CMakeTmp

Run Build Command(s):/usr/bin/make -f Makefile cmTC_59c19/fast && /usr/bin/make  -f CMakeFiles/cmTC_59c19.dir/build.make CMakeFiles/cmTC_59c19.dir/build
make[1]: Entering directory '/home/vws/Demo/QT/Spray/build-SpraySystem-Desktop_Qt_5_12_8_GCC_64bit-Debug/CMakeFiles/CMakeTmp'
Building CXX object CMakeFiles/cmTC_59c19.dir/CheckFunctionExists.cxx.o
/usr/bin/g++   -DCHECK_FUNCTION_EXISTS=pthread_create -o CMakeFiles/cmTC_59c19.dir/CheckFunctionExists.cxx.o -c /home/vws/Demo/QT/Spray/build-SpraySystem-Desktop_Qt_5_12_8_GCC_64bit-Debug/CMakeFiles/CheckLibraryExists/CheckFunctionExists.cxx
Linking CXX executable cmTC_59c19
/opt/cmake-3.23.3/bin/cmake -E cmake_link_script CMakeFiles/cmTC_59c19.dir/link.txt --verbose=1
/usr/bin/g++  -DCHECK_FUNCTION_EXISTS=pthread_create CMakeFiles/cmTC_59c19.dir/CheckFunctionExists.cxx.o -o cmTC_59c19  -lpthreads 
/usr/bin/ld: cannot find -lpthreads
collect2: error: ld returned 1 exit status
CMakeFiles/cmTC_59c19.dir/build.make:98: recipe for target 'cmTC_59c19' failed
make[1]: *** [cmTC_59c19] Error 1
make[1]: Leaving directory '/home/vws/Demo/QT/Spray/build-SpraySystem-Desktop_Qt_5_12_8_GCC_64bit-Debug/CMakeFiles/CMakeTmp'
Makefile:127: recipe for target 'cmTC_59c19/fast' failed
make: *** [cmTC_59c19/fast] Error 2



